# JRE version: OpenJDK Runtime Environment Temurin-21.0.9+10 (21.0.9+10) (build 21.0.9+10-LTS)
# Java VM: OpenJDK 64-Bit Server VM Temurin-21.0.9+10 (21.0.9+10-LTS, mixed mode, sharing, tiered, compressed oops, compressed class ptrs, parallel gc, windows-amd64)
GC Precious Log:
 CardTable entry size: 512
 CPUs: 16 total, 16 available
 Memory: 15711M
 Large Page Support: Disabled
 NUMA Support: Disabled
 Compressed Oops: Enabled (32-bit)
 Alignments: Space 512K, Generation 512K, Heap 2M
 Heap Min Capacity: 100M
 Heap Initial Capacity: 100M
 Heap Max Capacity: 2G
 Pre-touch: Disabled
 Parallel Workers: 13
Heap:
 PSYoungGen      total 10752K, used 9207K [0x00000000d5580000, 0x00000000d6180000, 0x0000000100000000)
  eden space 10240K, 85% used [0x00000000d5580000,0x00000000d5e15cb0,0x00000000d5f80000)
  from space 512K, 81% used [0x00000000d6100000,0x00000000d6168000,0x00000000d6180000)
  to   space 512K, 0% used [0x00000000d6080000,0x00000000d6080000,0x00000000d6100000)
 ParOldGen       total 1384960K, used 723790K [0x0000000080000000, 0x00000000d4880000, 0x00000000d5580000)
  object space 1384960K, 52% used [0x0000000080000000,0x00000000ac2d3938,0x00000000d4880000)
 Metaspace       used 89660K, committed 91456K, reserved 1179648K
  class space    used 9198K, committed 9984K, reserved 1048576K
GC Heap History (20 events):
Event: 10217.560 GC heap before
{Heap before GC invocations=1801 (full 4):
 PSYoungGen      total 11776K, used 11772K [0x00000000d5580000, 0x00000000d6700000, 0x0000000100000000)
  eden space 10752K, 100% used [0x00000000d5580000,0x00000000d6000000,0x00000000d6000000)
  from space 1024K, 99% used [0x00000000d6400000,0x00000000d64ff0d8,0x00000000d6500000)
  to   space 3584K, 0% used [0x00000000d6000000,0x00000000d6000000,0x00000000d6380000)
 ParOldGen       total 1384960K, used 718900K [0x0000000080000000, 0x00000000d4880000, 0x00000000d5580000)
  object space 1384960K, 51% used [0x0000000080000000,0x00000000abe0d178,0x00000000d4880000)
 Metaspace       used 89481K, committed 91328K, reserved 1179648K
  class space    used 9192K, committed 9984K, reserved 1048576K
}
Event: 10217.562 GC heap after
{Heap after GC invocations=1801 (full 4):
 PSYoungGen      total 11264K, used 512K [0x00000000d5580000, 0x00000000d6480000, 0x0000000100000000)
  eden space 10752K, 0% used [0x00000000d5580000,0x00000000d5580000,0x00000000d6000000)
  from space 512K, 100% used [0x00000000d6000000,0x00000000d6080000,0x00000000d6080000)
  to   space 1536K, 0% used [0x00000000d6300000,0x00000000d6300000,0x00000000d6480000)
 ParOldGen       total 1384960K, used 719068K [0x0000000080000000, 0x00000000d4880000, 0x00000000d5580000)
  object space 1384960K, 51% used [0x0000000080000000,0x00000000abe37178,0x00000000d4880000)
 Metaspace       used 89481K, committed 91328K, reserved 1179648K
  class space    used 9192K, committed 9984K, reserved 1048576K
}
Event: 10539.729 GC heap before
{Heap before GC invocations=1802 (full 4):
 PSYoungGen      total 11264K, used 11264K [0x00000000d5580000, 0x00000000d6480000, 0x0000000100000000)
  eden space 10752K, 100% used [0x00000000d5580000,0x00000000d6000000,0x00000000d6000000)
  from space 512K, 100% used [0x00000000d6000000,0x00000000d6080000,0x00000000d6080000)
  to   space 1536K, 0% used [0x00000000d6300000,0x00000000d6300000,0x00000000d6480000)
 ParOldGen       total 1384960K, used 719068K [0x0000000080000000, 0x00000000d4880000, 0x00000000d5580000)
  object space 1384960K, 51% used [0x0000000080000000,0x00000000abe37178,0x00000000d4880000)
 Metaspace       used 89517K, committed 91392K, reserved 1179648K
  class space    used 9196K, committed 9984K, reserved 1048576K
}
Event: 10539.742 GC heap after
{Heap after GC invocations=1802 (full 4):
 PSYoungGen      total 12288K, used 1534K [0x00000000d5580000, 0x00000000d6500000, 0x0000000100000000)
  eden space 10752K, 0% used [0x00000000d5580000,0x00000000d5580000,0x00000000d6000000)
  from space 1536K, 99% used [0x00000000d6300000,0x00000000d647fb30,0x00000000d6480000)
  to   space 2560K, 0% used [0x00000000d6000000,0x00000000d6000000,0x00000000d6280000)
 ParOldGen       total 1384960K, used 719380K [0x0000000080000000, 0x00000000d4880000, 0x00000000d5580000)
  object space 1384960K, 51% used [0x0000000080000000,0x00000000abe85188,0x00000000d4880000)
 Metaspace       used 89517K, committed 91392K, reserved 1179648K
  class space    used 9196K, committed 9984K, reserved 1048576K
}
Event: 10540.608 GC heap before
{Heap before GC invocations=1803 (full 4):
 PSYoungGen      total 12288K, used 12286K [0x00000000d5580000, 0x00000000d6500000, 0x0000000100000000)
  eden space 10752K, 100% used [0x00000000d5580000,0x00000000d6000000,0x00000000d6000000)
  from space 1536K, 99% used [0x00000000d6300000,0x00000000d647fb30,0x00000000d6480000)
  to   space 2560K, 0% used [0x00000000d6000000,0x00000000d6000000,0x00000000d6280000)
 ParOldGen       total 1384960K, used 719380K [0x0000000080000000, 0x00000000d4880000, 0x00000000d5580000)
  object space 1384960K, 51% used [0x0000000080000000,0x00000000abe85188,0x00000000d4880000)
 Metaspace       used 89534K, committed 91392K, reserved 1179648K
  class space    used 9196K, committed 9984K, reserved 1048576K
}
Event: 10540.622 GC heap after
{Heap after GC invocations=1803 (full 4):
 PSYoungGen      total 11776K, used 948K [0x00000000d5580000, 0x00000000d6380000, 0x0000000100000000)
  eden space 10752K, 0% used [0x00000000d5580000,0x00000000d5580000,0x00000000d6000000)
  from space 1024K, 92% used [0x00000000d6000000,0x00000000d60ed220,0x00000000d6100000)
  to   space 1536K, 0% used [0x00000000d6200000,0x00000000d6200000,0x00000000d6380000)
 ParOldGen       total 1384960K, used 720432K [0x0000000080000000, 0x00000000d4880000, 0x00000000d5580000)
  object space 1384960K, 52% used [0x0000000080000000,0x00000000abf8c3b8,0x00000000d4880000)
 Metaspace       used 89534K, committed 91392K, reserved 1179648K
  class space    used 9196K, committed 9984K, reserved 1048576K
}
Event: 10541.017 GC heap before
{Heap before GC invocations=1804 (full 4):
 PSYoungGen      total 11776K, used 11700K [0x00000000d5580000, 0x00000000d6380000, 0x0000000100000000)
  eden space 10752K, 99% used [0x00000000d5580000,0x00000000d5fffff8,0x00000000d6000000)
  from space 1024K, 92% used [0x00000000d6000000,0x00000000d60ed220,0x00000000d6100000)
  to   space 1536K, 0% used [0x00000000d6200000,0x00000000d6200000,0x00000000d6380000)
 ParOldGen       total 1384960K, used 720432K [0x0000000080000000, 0x00000000d4880000, 0x00000000d5580000)
  object space 1384960K, 52% used [0x0000000080000000,0x00000000abf8c3b8,0x00000000d4880000)
 Metaspace       used 89560K, committed 91392K, reserved 1179648K
  class space    used 9196K, committed 9984K, reserved 1048576K
}
Event: 10541.020 GC heap after
{Heap after GC invocations=1804 (full 4):
 PSYoungGen      total 12288K, used 1242K [0x00000000d5580000, 0x00000000d6380000, 0x0000000100000000)
  eden space 10752K, 0% used [0x00000000d5580000,0x00000000d5580000,0x00000000d6000000)
  from space 1536K, 80% used [0x00000000d6200000,0x00000000d6336900,0x00000000d6380000)
  to   space 1536K, 0% used [0x00000000d6080000,0x00000000d6080000,0x00000000d6200000)
 ParOldGen       total 1384960K, used 721237K [0x0000000080000000, 0x00000000d4880000, 0x00000000d5580000)
  object space 1384960K, 52% used [0x0000000080000000,0x00000000ac0555e8,0x00000000d4880000)
 Metaspace       used 89560K, committed 91392K, reserved 1179648K
  class space    used 9196K, committed 9984K, reserved 1048576K
}
Event: 10541.937 GC heap before
{Heap before GC invocations=1805 (full 4):
 PSYoungGen      total 12288K, used 11994K [0x00000000d5580000, 0x00000000d6380000, 0x0000000100000000)
  eden space 10752K, 100% used [0x00000000d5580000,0x00000000d6000000,0x00000000d6000000)
  from space 1536K, 80% used [0x00000000d6200000,0x00000000d6336900,0x00000000d6380000)
  to   space 1536K, 0% used [0x00000000d6080000,0x00000000d6080000,0x00000000d6200000)
 ParOldGen       total 1384960K, used 721237K [0x0000000080000000, 0x00000000d4880000, 0x00000000d5580000)
  object space 1384960K, 52% used [0x0000000080000000,0x00000000ac0555e8,0x00000000d4880000)
 Metaspace       used 89579K, committed 91456K, reserved 1179648K
  class space    used 9196K, committed 9984K, reserved 1048576K
}
Event: 10541.949 GC heap after
{Heap after GC invocations=1805 (full 4):
 PSYoungGen      total 12288K, used 1145K [0x00000000d5580000, 0x00000000d6300000, 0x0000000100000000)
  eden space 10752K, 0% used [0x00000000d5580000,0x00000000d5580000,0x00000000d6000000)
  from space 1536K, 74% used [0x00000000d6080000,0x00000000d619e410,0x00000000d6200000)
  to   space 1024K, 0% used [0x00000000d6200000,0x00000000d6200000,0x00000000d6300000)
 ParOldGen       total 1384960K, used 721515K [0x0000000080000000, 0x00000000d4880000, 0x00000000d5580000)
  object space 1384960K, 52% used [0x0000000080000000,0x00000000ac09ad68,0x00000000d4880000)
 Metaspace       used 89579K, committed 91456K, reserved 1179648K
  class space    used 9196K, committed 9984K, reserved 1048576K
}
Event: 10542.551 GC heap before
{Heap before GC invocations=1806 (full 4):
 PSYoungGen      total 12288K, used 11897K [0x00000000d5580000, 0x00000000d6300000, 0x0000000100000000)
  eden space 10752K, 100% used [0x00000000d5580000,0x00000000d6000000,0x00000000d6000000)
  from space 1536K, 74% used [0x00000000d6080000,0x00000000d619e410,0x00000000d6200000)
  to   space 1024K, 0% used [0x00000000d6200000,0x00000000d6200000,0x00000000d6300000)
 ParOldGen       total 1384960K, used 721515K [0x0000000080000000, 0x00000000d4880000, 0x00000000d5580000)
  object space 1384960K, 52% used [0x0000000080000000,0x00000000ac09ad68,0x00000000d4880000)
 Metaspace       used 89581K, committed 91456K, reserved 1179648K
  class space    used 9196K, committed 9984K, reserved 1048576K
}
Event: 10542.554 GC heap after
{Heap after GC invocations=1806 (full 4):
 PSYoungGen      total 11264K, used 996K [0x00000000d5580000, 0x00000000d6500000, 0x0000000100000000)
  eden space 10240K, 0% used [0x00000000d5580000,0x00000000d5580000,0x00000000d5f80000)
  from space 1024K, 97% used [0x00000000d6200000,0x00000000d62f9210,0x00000000d6300000)
  to   space 2560K, 0% used [0x00000000d5f80000,0x00000000d5f80000,0x00000000d6200000)
 ParOldGen       total 1384960K, used 722515K [0x0000000080000000, 0x00000000d4880000, 0x00000000d5580000)
  object space 1384960K, 52% used [0x0000000080000000,0x00000000ac194f88,0x00000000d4880000)
 Metaspace       used 89581K, committed 91456K, reserved 1179648K
  class space    used 9196K, committed 9984K, reserved 1048576K
}
Event: 10559.462 GC heap before
{Heap before GC invocations=1807 (full 4):
 PSYoungGen      total 11264K, used 11236K [0x00000000d5580000, 0x00000000d6500000, 0x0000000100000000)
  eden space 10240K, 100% used [0x00000000d5580000,0x00000000d5f80000,0x00000000d5f80000)
  from space 1024K, 97% used [0x00000000d6200000,0x00000000d62f9210,0x00000000d6300000)
  to   space 2560K, 0% used [0x00000000d5f80000,0x00000000d5f80000,0x00000000d6200000)
 ParOldGen       total 1384960K, used 722515K [0x0000000080000000, 0x00000000d4880000, 0x00000000d5580000)
  object space 1384960K, 52% used [0x0000000080000000,0x00000000ac194f88,0x00000000d4880000)
 Metaspace       used 89595K, committed 91456K, reserved 1179648K
  class space    used 9196K, committed 9984K, reserved 1048576K
}
Event: 10559.476 GC heap after
{Heap after GC invocations=1807 (full 4):
 PSYoungGen      total 11264K, used 580K [0x00000000d5580000, 0x00000000d6280000, 0x0000000100000000)
  eden space 10240K, 0% used [0x00000000d5580000,0x00000000d5580000,0x00000000d5f80000)
  from space 1024K, 56% used [0x00000000d5f80000,0x00000000d6011230,0x00000000d6080000)
  to   space 1536K, 0% used [0x00000000d6100000,0x00000000d6100000,0x00000000d6280000)
 ParOldGen       total 1384960K, used 723406K [0x0000000080000000, 0x00000000d4880000, 0x00000000d5580000)
  object space 1384960K, 52% used [0x0000000080000000,0x00000000ac273918,0x00000000d4880000)
 Metaspace       used 89595K, committed 91456K, reserved 1179648K
  class space    used 9196K, committed 9984K, reserved 1048576K
}
Event: 10592.889 GC heap before
{Heap before GC invocations=1808 (full 4):
 PSYoungGen      total 11264K, used 10820K [0x00000000d5580000, 0x00000000d6280000, 0x0000000100000000)
  eden space 10240K, 100% used [0x00000000d5580000,0x00000000d5f80000,0x00000000d5f80000)
  from space 1024K, 56% used [0x00000000d5f80000,0x00000000d6011230,0x00000000d6080000)
  to   space 1536K, 0% used [0x00000000d6100000,0x00000000d6100000,0x00000000d6280000)
 ParOldGen       total 1384960K, used 723406K [0x0000000080000000, 0x00000000d4880000, 0x00000000d5580000)
  object space 1384960K, 52% used [0x0000000080000000,0x00000000ac273918,0x00000000d4880000)
 Metaspace       used 89619K, committed 91456K, reserved 1179648K
  class space    used 9198K, committed 9984K, reserved 1048576K
}
Event: 10592.890 GC heap after
{Heap after GC invocations=1808 (full 4):
 PSYoungGen      total 10752K, used 352K [0x00000000d5580000, 0x00000000d6180000, 0x0000000100000000)
  eden space 10240K, 0% used [0x00000000d5580000,0x00000000d5580000,0x00000000d5f80000)
  from space 512K, 68% used [0x00000000d6100000,0x00000000d6158000,0x00000000d6180000)
  to   space 1024K, 0% used [0x00000000d5f80000,0x00000000d5f80000,0x00000000d6080000)
 ParOldGen       total 1384960K, used 723558K [0x0000000080000000, 0x00000000d4880000, 0x00000000d5580000)
  object space 1384960K, 52% used [0x0000000080000000,0x00000000ac299938,0x00000000d4880000)
 Metaspace       used 89619K, committed 91456K, reserved 1179648K
  class space    used 9198K, committed 9984K, reserved 1048576K
}
Event: 10593.093 GC heap before
{Heap before GC invocations=1809 (full 4):
 PSYoungGen      total 10752K, used 10592K [0x00000000d5580000, 0x00000000d6180000, 0x0000000100000000)
  eden space 10240K, 100% used [0x00000000d5580000,0x00000000d5f80000,0x00000000d5f80000)
  from space 512K, 68% used [0x00000000d6100000,0x00000000d6158000,0x00000000d6180000)
  to   space 1024K, 0% used [0x00000000d5f80000,0x00000000d5f80000,0x00000000d6080000)
 ParOldGen       total 1384960K, used 723558K [0x0000000080000000, 0x00000000d4880000, 0x00000000d5580000)
  object space 1384960K, 52% used [0x0000000080000000,0x00000000ac299938,0x00000000d4880000)
 Metaspace       used 89630K, committed 91456K, reserved 1179648K
  class space    used 9198K, committed 9984K, reserved 1048576K
}
Event: 10593.095 GC heap after
{Heap after GC invocations=1809 (full 4):
 PSYoungGen      total 11264K, used 288K [0x00000000d5580000, 0x00000000d6180000, 0x0000000100000000)
  eden space 10240K, 0% used [0x00000000d5580000,0x00000000d5580000,0x00000000d5f80000)
  from space 1024K, 28% used [0x00000000d5f80000,0x00000000d5fc8000,0x00000000d6080000)
  to   space 512K, 0% used [0x00000000d6100000,0x00000000d6100000,0x00000000d6180000)
 ParOldGen       total 1384960K, used 723694K [0x0000000080000000, 0x00000000d4880000, 0x00000000d5580000)
  object space 1384960K, 52% used [0x0000000080000000,0x00000000ac2bb938,0x00000000d4880000)
 Metaspace       used 89630K, committed 91456K, reserved 1179648K
  class space    used 9198K, committed 9984K, reserved 1048576K
}
Event: 10595.410 GC heap before
{Heap before GC invocations=1810 (full 4):
 PSYoungGen      total 11264K, used 10528K [0x00000000d5580000, 0x00000000d6180000, 0x0000000100000000)
  eden space 10240K, 100% used [0x00000000d5580000,0x00000000d5f80000,0x00000000d5f80000)
  from space 1024K, 28% used [0x00000000d5f80000,0x00000000d5fc8000,0x00000000d6080000)
  to   space 512K, 0% used [0x00000000d6100000,0x00000000d6100000,0x00000000d6180000)
 ParOldGen       total 1384960K, used 723694K [0x0000000080000000, 0x00000000d4880000, 0x00000000d5580000)
  object space 1384960K, 52% used [0x0000000080000000,0x00000000ac2bb938,0x00000000d4880000)
 Metaspace       used 89651K, committed 91456K, reserved 1179648K
  class space    used 9198K, committed 9984K, reserved 1048576K
}
Event: 10595.411 GC heap after
{Heap after GC invocations=1810 (full 4):
 PSYoungGen      total 10752K, used 416K [0x00000000d5580000, 0x00000000d6180000, 0x0000000100000000)
  eden space 10240K, 0% used [0x00000000d5580000,0x00000000d5580000,0x00000000d5f80000)
  from space 512K, 81% used [0x00000000d6100000,0x00000000d6168000,0x00000000d6180000)
  to   space 512K, 0% used [0x00000000d6080000,0x00000000d6080000,0x00000000d6100000)
 ParOldGen       total 1384960K, used 723790K [0x0000000080000000, 0x00000000d4880000, 0x00000000d5580000)
  object space 1384960K, 52% used [0x0000000080000000,0x00000000ac2d3938,0x00000000d4880000)
 Metaspace       used 89651K, committed 91456K, reserved 1179648K
  class space    used 9198K, committed 9984K, reserved 1048576K
}

